# List of files for gms branches to delete
# Use comment to allow list the file
NHPlusBurnLineEvent_subset.gpkg
#branch_id.lst
#branch_polygons.gpkg
#LandSea_subset.gpkg
#LeveeProtectedAreas_subset.gpkg
nhd_headwater_points_subset.gpkg
#nld_subset_levees.gpkg
#nwm_catchments_proj_subset.gpkg
#nwm_catchments_proj_subset_levelPaths.gpkg
nwm_headwaters.gpkg
#nwm_lakes_proj_subset.gpkg
#nwm_subset_streams.gpkg
#nwm_subset_streams_levelPaths.gpkg
#nwm_subset_streams_levelPaths_dissolved.gpkg
#nwm_subset_streams_levelPaths_dissolved_headwaters.gpkg
#usgs_elev_table.csv
#usgs_subset_gages.gpkg
#wbd.gpkg
#wbd8_clp.gpkg
wbd_buffered.gpkg
#wbd_buffered_streams.gpkg
